Analysis initiated from SIMULIA established products
Abaqus JOB Job-2
Abaqus 2021
Abaqus License Manager checked out the following licenses:
Abaqus/Standard checked out 17 tokens from Flexnet server localhost.
<9982 out of 9999 licenses remain available>.
Begin Analysis Input File Processor
2024/1/3 23:48:18
Run pre.exe
2024/1/3 23:48:26
End Analysis Input File Processor
Begin Abaqus/Standard Analysis
2024/1/3 23:48:26
Run standard.exe
2024/1/3 23:48:41
End Abaqus/Standard Analysis
Begin SIM Wrap-up
2024/1/3 23:48:42
Run SMASimUtility.exe
2024/1/3 23:48:42
End SIM Wrap-up
Abaqus JOB Job-2 COMPLETED
